{
  "RSpec": {
    "coverage": {
      "/Users/marcgarreau/Dropbox/Projects/Turing/travel_hub/spec/controllers/trips_controller_spec.rb": [
        1,
        null,
        1,
        1,
        1,
        null,
        1,
        1,
        1,
        1,
        null,
        null,
        1,
        1,
        1,
        null,
        null,
        null,
        1,
        1,
        1,
        0,
        null,
        0,
        null,
        null,
        1,
        0,
        0,
        null,
        0,
        null,
        null,
        null,
        1,
        1,
        null,
        null,
        1,
        null,
        null,
        null,
        null
      ],
      "/Users/marcgarreau/Dropbox/Projects/Turing/travel_hub/spec/rails_helper.rb": [
        null,
        1,
        1,
        1,
        1,
        1,
        null,
        null,
        null,
        null,
        null,
        null,
        null,
        null,
        null,
        null,
        null,
        null,
        null,
        null,
        null,
        3,
        null,
        null,
        null,
        1,
        null,
        1,
        1,
        1,
        null,
        1,
        null,
        null,
        null,
        1,
        null,
        null,
        null,
        null,
        null,
        null,
        null,
        null,
        null,
        null,
        null,
        null,
        null,
        null,
        1,
        null
      ],
      "/Users/marcgarreau/Dropbox/Projects/Turing/travel_hub/config/environment.rb": [
        null,
        1,
        null,
        null,
        1
      ],
      "/Users/marcgarreau/Dropbox/Projects/Turing/travel_hub/config/application.rb": [
        1,
        null,
        null,
        1,
        1,
        1,
        1,
        1,
        1,
        null,
        null,
        null,
        null,
        1,
        null,
        1,
        1,
        null,
        null,
        null,
        1,
        null,
        null,
        null,
        null,
        null,
        null,
        null,
        null,
        null,
        null,
        null,
        null,
        null,
        null
      ],
      "/Users/marcgarreau/Dropbox/Projects/Turing/travel_hub/config/boot.rb": [
        null,
        1,
        null,
        1
      ],
      "/Users/marcgarreau/Dropbox/Projects/Turing/travel_hub/config/environments/test.rb": [
        1,
        null,
        null,
        null,
        null,
        null,
        null,
        1,
        null,
        null,
        null,
        null,
        1,
        null,
        null,
        1,
        1,
        null,
        null,
        1,
        1,
        null,
        null,
        1,
        null,
        null,
        1,
        null,
        null,
        null,
        null,
        1,
        null,
        null,
        1,
        null,
        null,
        null,
        null
      ],
      "/Users/marcgarreau/Dropbox/Projects/Turing/travel_hub/config/initializers/assets.rb": [
        null,
        null,
        null,
        1,
        null,
        null,
        null,
        null
      ],
      "/Users/marcgarreau/Dropbox/Projects/Turing/travel_hub/config/initializers/backtrace_silencers.rb": [
        null,
        null,
        null,
        null,
        null,
        null,
        null
      ],
      "/Users/marcgarreau/Dropbox/Projects/Turing/travel_hub/config/initializers/cookies_serializer.rb": [
        null,
        null,
        1
      ],
      "/Users/marcgarreau/Dropbox/Projects/Turing/travel_hub/config/initializers/filter_parameter_logging.rb": [
        null,
        null,
        null,
        1
      ],
      "/Users/marcgarreau/Dropbox/Projects/Turing/travel_hub/config/initializers/inflections.rb": [
        null,
        null,
        null,
        null,
        null,
        null,
        null,
        null,
        null,
        null,
        null,
        null,
        null,
        null,
        null,
        null
      ],
      "/Users/marcgarreau/Dropbox/Projects/Turing/travel_hub/config/initializers/mime_types.rb": [
        null,
        null,
        null,
        null
      ],
      "/Users/marcgarreau/Dropbox/Projects/Turing/travel_hub/config/initializers/omniauth.rb": [
        1,
        1,
        1,
        null,
        null
      ],
      "/Users/marcgarreau/Dropbox/Projects/Turing/travel_hub/config/initializers/session_store.rb": [
        null,
        null,
        1
      ],
      "/Users/marcgarreau/Dropbox/Projects/Turing/travel_hub/config/initializers/wrap_parameters.rb": [
        null,
        null,
        null,
        null,
        null,
        null,
        1,
        1,
        null,
        null,
        null,
        null,
        null,
        null
      ],
      "/Users/marcgarreau/Dropbox/Projects/Turing/travel_hub/config/routes.rb": [
        1,
        1,
        null,
        1,
        null,
        1,
        1,
        1,
        1,
        1,
        1,
        null,
        1,
        1,
        1,
        1,
        1,
        1,
        null,
        null,
        1,
        null,
        1,
        1,
        1,
        1,
        1,
        1,
        null,
        null,
        null,
        null,
        null
      ],
      "/Users/marcgarreau/Dropbox/Projects/Turing/travel_hub/app/helpers/application_helper.rb": [
        1,
        null
      ],
      "/Users/marcgarreau/Dropbox/Projects/Turing/travel_hub/app/helpers/hideposts_helper.rb": [
        1,
        null
      ],
      "/Users/marcgarreau/Dropbox/Projects/Turing/travel_hub/app/helpers/posts_helper.rb": [
        1,
        1,
        0,
        0,
        0,
        null,
        null
      ],
      "/Users/marcgarreau/Dropbox/Projects/Turing/travel_hub/spec/build_helpers.rb": [
        1,
        1,
        0,
        null,
        null,
        null,
        null
      ],
      "/Users/marcgarreau/Dropbox/Projects/Turing/travel_hub/spec/support/feature_helper_spec.rb": [
        1,
        1,
        5,
        null,
        null,
        null,
        null,
        null,
        null,
        null,
        null,
        null,
        null,
        null,
        null,
        null,
        null,
        null,
        null,
        1,
        4,
        4,
        4,
        4,
        null,
        null,
        null,
        1,
        0,
        null,
        null,
        null,
        1,
        null,
        null,
        null,
        null,
        null,
        null,
        null,
        null,
        null,
        null,
        null,
        null,
        null,
        null,
        null,
        null,
        null,
        null,
        null,
        null,
        null,
        null,
        null,
        null,
        null,
        null,
        null,
        null,
        null,
        null,
        null,
        null,
        null,
        null,
        null,
        null,
        null,
        null,
        null,
        null,
        null,
        null,
        null,
        null,
        null,
        null,
        null,
        null,
        null,
        null,
        null,
        null,
        null,
        null,
        null,
        null,
        null,
        null,
        null,
        null,
        null,
        null,
        null,
        null,
        null,
        null,
        null,
        null,
        null,
        null,
        null,
        null,
        null,
        null,
        null,
        null,
        null,
        null,
        null,
        null,
        null,
        null,
        null,
        null,
        null,
        null,
        null,
        null,
        null,
        null,
        null,
        null,
        null,
        3,
        null,
        null,
        1,
        null,
        null,
        null,
        null,
        null,
        null,
        null,
        null,
        null,
        null,
        null,
        null,
        null,
        null,
        null,
        null,
        null,
        null,
        null,
        null,
        null,
        null,
        null,
        null,
        null,
        null,
        null,
        null,
        null,
        null,
        null,
        null,
        null,
        null,
        null,
        null,
        null,
        null,
        null,
        null,
        null,
        null,
        null,
        null,
        null,
        null,
        null,
        null,
        null,
        null,
        null,
        null,
        null,
        null,
        null,
        null,
        null,
        null,
        null,
        null,
        null,
        2,
        null,
        null,
        null,
        null,
        null,
        null,
        null,
        null,
        null,
        null,
        null,
        null,
        null,
        null,
        null,
        null,
        null,
        null,
        null,
        null,
        null,
        null,
        null,
        null,
        null,
        null,
        null,
        null,
        null,
        null,
        null,
        null,
        null,
        null,
        null,
        null,
        null,
        null,
        null,
        null,
        null,
        null,
        null,
        null,
        null,
        null,
        null,
        null,
        null,
        null,
        null,
        null,
        null,
        null,
        null,
        null,
        null,
        null,
        null,
        null,
        null,
        null,
        null,
        null,
        null
      ],
      "/Users/marcgarreau/Dropbox/Projects/Turing/travel_hub/spec/support/vcr.rb": [
        1,
        null,
        1,
        1,
        1,
        1,
        null,
        null,
        null
      ],
      "/Users/marcgarreau/Dropbox/Projects/Turing/travel_hub/db/schema.rb": [
        null,
        null,
        null,
        null,
        null,
        null,
        null,
        null,
        null,
        null,
        null,
        null,
        null,
        1,
        null,
        null,
        1,
        1,
        null,
        1,
        1,
        1,
        1,
        1,
        1,
        null,
        null,
        1,
        1,
        1,
        1,
        1,
        1,
        1,
        1,
        1,
        null,
        null,
        1,
        1,
        1,
        1,
        1,
        null,
        null,
        1,
        1,
        null,
        1,
        1,
        1,
        null,
        null,
        1,
        1,
        null,
        1,
        1,
        1,
        1,
        1,
        1,
        null,
        null,
        1,
        1,
        1,
        1,
        1,
        1,
        1,
        1,
        1,
        null,
        null,
        null
      ],
      "/Users/marcgarreau/Dropbox/Projects/Turing/travel_hub/app/controllers/trips_controller.rb": [
        1,
        1,
        null,
        1,
        5,
        null,
        null,
        1,
        4,
        null,
        null,
        1,
        null,
        null,
        1,
        0,
        0,
        null,
        0,
        null,
        null,
        null,
        1,
        2,
        null,
        2,
        null,
        2,
        2,
        2,
        2,
        0,
        0,
        null,
        null,
        null,
        2,
        null,
        0,
        null,
        null,
        null,
        1,
        3,
        3,
        3,
        null,
        null,
        1,
        0,
        0,
        null,
        null,
        null,
        1,
        null,
        1,
        2,
        null,
        null,
        1,
        3,
        null,
        null
      ],
      "/Users/marcgarreau/Dropbox/Projects/Turing/travel_hub/app/controllers/application_controller.rb": [
        1,
        null,
        null,
        1,
        null,
        1,
        7,
        null,
        null
      ],
      "/Users/marcgarreau/Dropbox/Projects/Turing/travel_hub/spec/integration/api_spec.rb": [
        1,
        null,
        1,
        1,
        1,
        1,
        1,
        null,
        null,
        1,
        1,
        1,
        1,
        1,
        1,
        null,
        null,
        null
      ],
      "/Users/marcgarreau/Dropbox/Projects/Turing/travel_hub/spec/integration/omniauth_login_spec.rb": [
        1,
        null,
        1,
        1,
        1,
        1,
        1,
        1,
        1,
        null,
        null,
        null
      ],
      "/Users/marcgarreau/Dropbox/Projects/Turing/travel_hub/spec/integration/twitter_auth_spec.rb": [
        1,
        null,
        1,
        1,
        null,
        1,
        0,
        0,
        0,
        null,
        0,
        null,
        null
      ],
      "/Users/marcgarreau/Dropbox/Projects/Turing/travel_hub/spec/integration/user_creates_trip_spec.rb": [
        1,
        null,
        1,
        null,
        1,
        1,
        1,
        1,
        1,
        1,
        1,
        1,
        null,
        null,
        1,
        1,
        1,
        1,
        1,
        1,
        1,
        1,
        1,
        1,
        1,
        1,
        null,
        null,
        null
      ],
      "/Users/marcgarreau/Dropbox/Projects/Turing/travel_hub/spec/integration/user_posts_spec.rb": [
        1,
        null,
        1,
        2,
        2,
        null,
        1,
        1,
        1,
        1,
        1,
        null,
        null,
        1,
        null,
        null,
        null,
        null,
        null,
        null
      ],
      "/Users/marcgarreau/Dropbox/Projects/Turing/travel_hub/spec/integration/user_profiles_spec.rb": [
        1,
        null,
        1,
        null,
        1,
        1,
        1,
        1,
        1,
        null,
        null,
        1,
        1,
        1,
        1,
        1,
        null,
        null,
        null
      ],
      "/Users/marcgarreau/Dropbox/Projects/Turing/travel_hub/app/models/user.rb": [
        1,
        1,
        1,
        1,
        1,
        null,
        1,
        5,
        5,
        5,
        5,
        5,
        5,
        null,
        null,
        null
      ],
      "/Users/marcgarreau/Dropbox/Projects/Turing/travel_hub/spec/integration/user_trips_spec.rb": [
        1,
        null,
        1,
        1,
        1,
        1,
        null,
        null,
        1,
        null,
        null,
        1,
        1,
        null,
        null,
        1,
        1,
        null,
        null
      ],
      "/Users/marcgarreau/Dropbox/Projects/Turing/travel_hub/spec/model/post_spec.rb": [
        1,
        null,
        1,
        null,
        3,
        null,
        1,
        1,
        null,
        null,
        1,
        1,
        1,
        1,
        1,
        null,
        null,
        1,
        1,
        1,
        1,
        1,
        null,
        null,
        1,
        1,
        1,
        1,
        1,
        1,
        null,
        null,
        1,
        1,
        1,
        1,
        1,
        1,
        null,
        null
      ],
      "/Users/marcgarreau/Dropbox/Projects/Turing/travel_hub/app/models/post.rb": [
        1,
        1,
        1,
        1,
        1,
        null,
        1,
        null,
        null,
        null,
        1,
        3,
        6,
        4,
        null,
        4,
        4,
        4,
        4,
        4,
        4,
        null,
        4,
        4,
        4,
        4,
        null,
        null,
        3,
        null,
        null,
        1,
        2,
        4,
        2,
        null,
        2,
        2,
        2,
        2,
        2,
        null,
        2,
        2,
        2,
        2,
        null,
        null,
        2,
        null,
        null
      ],
      "/Users/marcgarreau/Dropbox/Projects/Turing/travel_hub/spec/model/trip_spec.rb": [
        1,
        null,
        1,
        8,
        null,
        null,
        null,
        null,
        1,
        1,
        null,
        null,
        1,
        1,
        null,
        1,
        null,
        null,
        1,
        1,
        null,
        1,
        null,
        null,
        1,
        1,
        null,
        1,
        null,
        null,
        1,
        1,
        null,
        null,
        1,
        1,
        null,
        null,
        1,
        1,
        null,
        1,
        null,
        null
      ],
      "/Users/marcgarreau/Dropbox/Projects/Turing/travel_hub/app/models/trip.rb": [
        1,
        1,
        1,
        1,
        null,
        1,
        1,
        1,
        1,
        null,
        1,
        1,
        null,
        null,
        1,
        1,
        null,
        null
      ],
      "/Users/marcgarreau/Dropbox/Projects/Turing/travel_hub/spec/model/user_spec.rb": [
        1,
        null,
        1,
        null,
        3,
        null,
        null,
        null,
        null,
        null,
        1,
        1,
        null,
        null,
        1,
        1,
        null,
        null,
        null,
        1,
        null,
        1,
        null,
        null
      ],
      "/Users/marcgarreau/Dropbox/Projects/Turing/travel_hub/app/controllers/api/v1/users_controller.rb": [
        1,
        1,
        1,
        1,
        null,
        null,
        1,
        1,
        1,
        null,
        null
      ],
      "/Users/marcgarreau/Dropbox/Projects/Turing/travel_hub/app/controllers/welcome_controller.rb": [
        1,
        1,
        null,
        null
      ],
      "/Users/marcgarreau/Dropbox/Projects/Turing/travel_hub/app/controllers/sessions_controller.rb": [
        1,
        1,
        5,
        null,
        null,
        null,
        null,
        null,
        5,
        5,
        5,
        5,
        5,
        5,
        5,
        null,
        null,
        1,
        0,
        0,
        null,
        null,
        1,
        0,
        0,
        0,
        0,
        null,
        0,
        null,
        null,
        1,
        null,
        1,
        35,
        null,
        null
      ],
      "/Users/marcgarreau/Dropbox/Projects/Turing/travel_hub/app/models/instagram_interface.rb": [
        1,
        null,
        1,
        5,
        null,
        null
      ],
      "/Users/marcgarreau/Dropbox/Projects/Turing/travel_hub/app/workers/instagram_worker.rb": [
        1,
        1,
        null,
        1,
        0,
        0,
        null,
        null
      ],
      "/Users/marcgarreau/Dropbox/Projects/Turing/travel_hub/app/models/traveling.rb": [
        1,
        1,
        1,
        null
      ],
      "/Users/marcgarreau/Dropbox/Projects/Turing/travel_hub/app/models/travel.rb": [
        1,
        1,
        1,
        null
      ],
      "/Users/marcgarreau/Dropbox/Projects/Turing/travel_hub/app/models/comment.rb": [
        1,
        1,
        1,
        null
      ],
      "/Users/marcgarreau/Dropbox/Projects/Turing/travel_hub/app/controllers/travelings_controller.rb": [
        1,
        null,
        1,
        1,
        1,
        1,
        1,
        1,
        1,
        1,
        1,
        null,
        0,
        0,
        null,
        null,
        null,
        1,
        1,
        1,
        0,
        0,
        null,
        null,
        null,
        null
      ],
      "/Users/marcgarreau/Dropbox/Projects/Turing/travel_hub/app/controllers/profiles_controller.rb": [
        1,
        null,
        1,
        2,
        2,
        null,
        null,
        null
      ]
    },
    "timestamp": 1415848715
  }
}
